T0354 105:779 SEGGER J-Link V4.84c Log File (0001ms, 0736ms total)
T0354 105:779 DLL Compiled: Apr 16 2014 18:53:07 (0001ms, 0736ms total)
T0354 105:779 Logging started @ 2015-08-14 17:54 (0001ms, 0736ms total)
T0354 105:799 JLINK_ExecCommand("Device = AT91SAM3U4E", ...)Device "ATSAM3U4E" selected (256 KB flash, 32 KB RAM).  returns 0x00 (0000ms, 0736ms total)
T0354 105:847 JLINK_ExecCommand("ProjectFile = E:\0prj\FLASH_PROGRAM_EXAMPLE1\FLASH_PROGRAM_EXAMPLE1\jlink.config", ...)  returns 0x00 (0000ms, 0736ms total)
T0354 105:870 JLINK_ExecCommand("Device = AT91SAM3U4E", ...)Device "ATSAM3U4E" selected (256 KB flash, 32 KB RAM).  returns 0x00 (0000ms, 0736ms total)
T0354 105:870 JLINK_TIF_Select(JLINKARM_TIF_JTAG)  returns 0x00 (0026ms, 0762ms total)
T0354 105:896 JLINK_GetIdData(...) >0x2F8 JTAG>TotalIRLen = 4, IRPrint = 0x01 >0x30 JTAG> >0x210 JTAG> >0x70 JTAG> >0x40 JTAG> >0x40 JTAG> >0x40 JTAG> >0x48 JTAG> >0x78 JTAG> >0x40 JTAG> >0x30 JTAG> >0x40 JTAG> >0x40 JTAG> >0x30 JTAG> >0x40 JTAG> >0x48 JTAG>Found Cortex-M3 r2p0, Little endian. -- CPU_WriteMem(4 bytes @ 0xE0002000) -- CPU_ReadMem(4 bytes @ 0xE000EDF0) -- CPU_WriteMem(4 bytes @ 0xE000EDF0) -- CPU_ReadMem(4 bytes @ 0xE0002000)FPUnit: 6 code (BP) slots and 2 literal slots
 -- CPU_ReadMem(4 bytes @ 0xE000EDFC) -- CPU_WriteMem(4 bytes @ 0xE000EDFC) -- CPU_ReadMem(4 bytes @ 0xE0001000) -- CPU_WriteMem(4 bytes @ 0xE0001000) -- CPU_ReadMem(4 bytes @ 0xE00FF010)TPIU fitted. -- CPU_ReadMem(4 bytes @ 0xE00FF014) -- CPU_ReadMem(4 bytes @ 0xE00FF018) ScanLen=4 NumDevices=1 aId[0]=0x4BA00477 aIrRead[0]=0 aScanLen[0]=0 aScanRead[0]=0 (0078ms, 0840ms total)
T0354 105:974 JLINK_ConfigJTAG(IRPre = 0, DRPre = 0) (0001ms, 0841ms total)
T0354 105:975 JLINK_SetSpeed(0) >0x2F8 JTAG>TotalIRLen = 4, IRPrint = 0x01 >0x30 JTAG> >0x210 JTAG> >0x70 JTAG> >0x40 JTAG> >0x40 JTAG> >0x40 JTAG> >0x48 JTAG> >0x78 JTAG> >0x40 JTAG> >0x30 JTAG> >0x40 JTAG> >0x40 JTAG> >0x30 JTAG> >0x40 JTAG> >0x48 JTAG>Found Cortex-M3 r2p0, Little endian. -- CPU_WriteMem(4 bytes @ 0xE0002000) -- CPU_ReadMem(4 bytes @ 0xE000EDF0) -- CPU_ReadMem(4 bytes @ 0xE0002000)FPUnit: 6 code (BP) slots and 2 literal slots -- CPU_ReadMem(4 bytes @ 0xE000EDFC)
 -- CPU_ReadMem(4 bytes @ 0xE0001000) -- CPU_WriteMem(4 bytes @ 0xE0001000) -- CPU_ReadMem(4 bytes @ 0xE00FF010)TPIU fitted. -- CPU_ReadMem(4 bytes @ 0xE00FF014) -- CPU_ReadMem(4 bytes @ 0xE00FF018) >0x30 JTAG> (0094ms, 0935ms total)
T0354 106:069 JLINK_ResetPullsRESET(OFF) (0000ms, 0935ms total)
T0354 106:069 JLINK_Connect() >0x2F8 JTAG>TotalIRLen = 4, IRPrint = 0x01 >0x30 JTAG> >0x210 JTAG> >0x70 JTAG> >0x40 JTAG> >0x40 JTAG> >0x40 JTAG> >0x48 JTAG> >0x78 JTAG> >0x40 JTAG> >0x30 JTAG> >0x40 JTAG> >0x40 JTAG> >0x30 JTAG> >0x40 JTAG> >0x48 JTAG>Found Cortex-M3 r2p0, Little endian. -- CPU_WriteMem(4 bytes @ 0xE0002000) -- CPU_ReadMem(4 bytes @ 0xE000EDF0) -- CPU_ReadMem(4 bytes @ 0xE0002000)FPUnit: 6 code (BP) slots and 2 literal slots -- CPU_ReadMem(4 bytes @ 0xE000EDFC)
 -- CPU_ReadMem(4 bytes @ 0xE0001000) -- CPU_WriteMem(4 bytes @ 0xE0001000) -- CPU_ReadMem(4 bytes @ 0xE00FF010)TPIU fitted. -- CPU_ReadMem(4 bytes @ 0xE00FF014) -- CPU_ReadMem(4 bytes @ 0xE00FF018)  returns 0x00 (0078ms, 1013ms total)
T0354 106:147 JLINK_GetDebugInfo(0x100) -- Value=0xE00FF003  returns 0x00 (0002ms, 1015ms total)
T0354 106:149 JLINK_ReadMem (0xE00FFFF0, 0x0010 Bytes, ...) -- CPU is running -- CPU_ReadMem(16 bytes @ 0xE00FFFF0) -- Data:  0D 00 00 00 10 00 00 00 05 00 00 00 B1 00 00 00  returns 0x00 (0004ms, 1019ms total)
T0354 106:153 JLINK_ReadMem (0xE00FFFD0, 0x0020 Bytes, ...) -- CPU is running -- CPU_ReadMem(32 bytes @ 0xE00FFFD0) -- Data:  00 00 00 00 00 00 00 00 00 00 00 00 00 00 00 00 ...  returns 0x00 (0003ms, 1022ms total)
T0354 106:156 JLINK_ReadMemU32(0xE00FF000, 0x0001 Items, ...) -- CPU is running -- CPU_ReadMem(4 bytes @ 0xE00FF000) -- Data:  03 F0 F0 FF  returns 0x01 (0002ms, 1024ms total)
T0354 106:158 JLINK_ReadMem (0xE000EFF0, 0x0010 Bytes, ...) -- CPU is running -- CPU_ReadMem(16 bytes @ 0xE000EFF0) -- Data:  0D 00 00 00 E0 00 00 00 05 00 00 00 B1 00 00 00  returns 0x00 (0002ms, 1026ms total)
T0354 106:160 JLINK_ReadMem (0xE000EFD0, 0x0020 Bytes, ...) -- CPU is running -- CPU_ReadMem(32 bytes @ 0xE000EFD0) -- Data:  04 00 00 00 00 00 00 00 00 00 00 00 00 00 00 00 ...  returns 0x00 (0005ms, 1031ms total)
T0354 106:165 JLINK_ReadMemU32(0xE00FF004, 0x0001 Items, ...) -- CPU is running -- CPU_ReadMem(4 bytes @ 0xE00FF004) -- Data:  03 20 F0 FF  returns 0x01 (0005ms, 1036ms total)
T0354 106:170 JLINK_ReadMem (0xE0001FF0, 0x0010 Bytes, ...) -- CPU is running -- CPU_ReadMem(16 bytes @ 0xE0001FF0) -- Data:  0D 00 00 00 E0 00 00 00 05 00 00 00 B1 00 00 00  returns 0x00 (0002ms, 1038ms total)
T0354 106:172 JLINK_ReadMem (0xE0001FD0, 0x0020 Bytes, ...) -- CPU is running -- CPU_ReadMem(32 bytes @ 0xE0001FD0) -- Data:  04 00 00 00 00 00 00 00 00 00 00 00 00 00 00 00 ...  returns 0x00 (0004ms, 1042ms total)
T0354 106:176 JLINK_ReadMemU32(0xE00FF008, 0x0001 Items, ...) -- CPU is running -- CPU_ReadMem(4 bytes @ 0xE00FF008) -- Data:  03 30 F0 FF  returns 0x01 (0017ms, 1059ms total)
T0354 106:193 JLINK_ReadMem (0xE0002FF0, 0x0010 Bytes, ...) -- CPU is running -- CPU_ReadMem(16 bytes @ 0xE0002FF0) -- Data:  0D 00 00 00 E0 00 00 00 05 00 00 00 B1 00 00 00  returns 0x00 (0003ms, 1062ms total)
T0354 106:196 JLINK_ReadMem (0xE0002FD0, 0x0020 Bytes, ...) -- CPU is running -- CPU_ReadMem(32 bytes @ 0xE0002FD0) -- Data:  04 00 00 00 00 00 00 00 00 00 00 00 00 00 00 00 ...  returns 0x00 (0003ms, 1065ms total)
T0354 106:199 JLINK_ReadMemU32(0xE00FF00C, 0x0001 Items, ...) -- CPU is running -- CPU_ReadMem(4 bytes @ 0xE00FF00C) -- Data:  03 10 F0 FF  returns 0x01 (0002ms, 1067ms total)
T0354 106:201 JLINK_ReadMem (0xE0000FF0, 0x0010 Bytes, ...) -- CPU is running -- CPU_ReadMem(16 bytes @ 0xE0000FF0) -- Data:  0D 00 00 00 E0 00 00 00 05 00 00 00 B1 00 00 00  returns 0x00 (0002ms, 1069ms total)
T0354 106:203 JLINK_ReadMem (0xE0000FD0, 0x0020 Bytes, ...) -- CPU is running -- CPU_ReadMem(32 bytes @ 0xE0000FD0) -- Data:  04 00 00 00 00 00 00 00 00 00 00 00 00 00 00 00 ...  returns 0x00 (0002ms, 1071ms total)
T0354 106:205 JLINK_ReadMemU32(0xE00FF010, 0x0001 Items, ...) -- CPU is running -- CPU_ReadMem(4 bytes @ 0xE00FF010) -- Data:  03 10 F4 FF  returns 0x01 (0002ms, 1073ms total)
T0354 106:207 JLINK_ReadMem (0xE0040FF0, 0x0010 Bytes, ...) -- CPU is running -- CPU_ReadMem(16 bytes @ 0xE0040FF0) -- Data:  0D 00 00 00 90 00 00 00 05 00 00 00 B1 00 00 00  returns 0x00 (0002ms, 1075ms total)
T0354 106:209 JLINK_ReadMem (0xE0040FD0, 0x0020 Bytes, ...) -- CPU is running -- CPU_ReadMem(32 bytes @ 0xE0040FD0) -- Data:  04 00 00 00 00 00 00 00 00 00 00 00 00 00 00 00 ...  returns 0x00 (0003ms, 1078ms total)
T0354 106:212 JLINK_ReadMemU32(0xE00FF014, 0x0001 Items, ...) -- CPU is running -- CPU_ReadMem(4 bytes @ 0xE00FF014) -- Data:  02 20 F4 FF  returns 0x01 (0002ms, 1080ms total)
T0354 106:214 JLINK_ReadMemU32(0xE00FF018, 0x0001 Items, ...) -- CPU is running -- CPU_ReadMem(4 bytes @ 0xE00FF018) -- Data:  00 00 00 00  returns 0x01 (0002ms, 1082ms total)
T0354 106:216 JLINK_ReadMem (0xE0001000, 0x0004 Bytes, ...) -- CPU is running -- CPU_ReadMem(4 bytes @ 0xE0001000) -- Data:  01 00 00 40  returns 0x00 (0003ms, 1085ms total)
T0354 106:219 JLINK_ReadMem (0xE0001000, 0x0004 Bytes, ...) -- CPU is running -- CPU_ReadMem(4 bytes @ 0xE0001000) -- Data:  01 00 00 40  returns 0x00 (0002ms, 1087ms total)
T0354 106:221 JLINK_ReadMem (0xE0001028, 0x0004 Bytes, ...) -- CPU is running -- CPU_ReadMem(4 bytes @ 0xE0001028) -- Data:  00 00 00 00  returns 0x00 (0009ms, 1096ms total)
T0354 106:230 JLINK_WriteMem(0xE0001028, 0x0004 Bytes, ...) -- Data:  00 01 00 00 -- CPU is running -- CPU_WriteMem(4 bytes @ 0xE0001028)  returns 0x04 (0005ms, 1101ms total)
T0354 106:236 JLINK_ReadMem (0xE0001028, 0x0004 Bytes, ...) -- CPU is running -- CPU_ReadMem(4 bytes @ 0xE0001028) -- Data:  00 00 00 00  returns 0x00 (0005ms, 1106ms total)
T0354 106:241 JLINK_ReadMem (0xE0001038, 0x0004 Bytes, ...) -- CPU is running -- CPU_ReadMem(4 bytes @ 0xE0001038) -- Data:  00 02 00 00  returns 0x00 (0003ms, 1109ms total)
T0354 106:244 JLINK_WriteMem(0xE0001038, 0x0004 Bytes, ...) -- Data:  00 03 00 00 -- CPU is running -- CPU_WriteMem(4 bytes @ 0xE0001038)  returns 0x04 (0009ms, 1118ms total)
T0354 106:253 JLINK_ReadMem (0xE0001038, 0x0004 Bytes, ...) -- CPU is running -- CPU_ReadMem(4 bytes @ 0xE0001038) -- Data:  00 03 00 00  returns 0x00 (0003ms, 1121ms total)
T0354 106:256 JLINK_ReadMem (0xE0001048, 0x0004 Bytes, ...) -- CPU is running -- CPU_ReadMem(4 bytes @ 0xE0001048) -- Data:  00 00 00 00  returns 0x00 (0001ms, 1122ms total)
T0354 106:257 JLINK_WriteMem(0xE0001048, 0x0004 Bytes, ...) -- Data:  00 01 00 00 -- CPU is running -- CPU_WriteMem(4 bytes @ 0xE0001048)  returns 0x04 (0003ms, 1125ms total)
T0354 106:260 JLINK_ReadMem (0xE0001048, 0x0004 Bytes, ...) -- CPU is running -- CPU_ReadMem(4 bytes @ 0xE0001048) -- Data:  00 00 00 00  returns 0x00 (0002ms, 1127ms total)
T0354 106:262 JLINK_ReadMem (0xE0001058, 0x0004 Bytes, ...) -- CPU is running -- CPU_ReadMem(4 bytes @ 0xE0001058) -- Data:  00 00 00 00  returns 0x00 (0002ms, 1129ms total)
T0354 106:264 JLINK_WriteMem(0xE0001058, 0x0004 Bytes, ...) -- Data:  00 01 00 00 -- CPU is running -- CPU_WriteMem(4 bytes @ 0xE0001058)  returns 0x04 (0002ms, 1131ms total)
T0354 106:266 JLINK_ReadMem (0xE0001058, 0x0004 Bytes, ...) -- CPU is running -- CPU_ReadMem(4 bytes @ 0xE0001058) -- Data:  00 00 00 00  returns 0x00 (0002ms, 1133ms total)
T0354 106:268 JLINK_ReadMem (0xE0001024, 0x0004 Bytes, ...) -- CPU is running -- CPU_ReadMem(4 bytes @ 0xE0001024) -- Data:  01 00 00 00  returns 0x00 (0002ms, 1135ms total)
T0354 106:270 JLINK_WriteMem(0xE0001024, 0x0004 Bytes, ...) -- Data:  1F 00 00 00 -- CPU is running -- CPU_WriteMem(4 bytes @ 0xE0001024)  returns 0x04 (0002ms, 1137ms total)
T0354 106:272 JLINK_ReadMem (0xE0001024, 0x0004 Bytes, ...) -- CPU is running -- CPU_ReadMem(4 bytes @ 0xE0001024) -- Data:  0F 00 00 00  returns 0x00 (0002ms, 1139ms total)
T0354 106:274 JLINK_ReadMem (0xE0001034, 0x0004 Bytes, ...) -- CPU is running -- CPU_ReadMem(4 bytes @ 0xE0001034) -- Data:  02 00 00 00  returns 0x00 (0002ms, 1141ms total)
T0354 106:276 JLINK_WriteMem(0xE0001034, 0x0004 Bytes, ...) -- Data:  1F 00 00 00 -- CPU is running -- CPU_WriteMem(4 bytes @ 0xE0001034)  returns 0x04 (0002ms, 1143ms total)
T0354 106:278 JLINK_ReadMem (0xE0001034, 0x0004 Bytes, ...) -- CPU is running -- CPU_ReadMem(4 bytes @ 0xE0001034) -- Data:  0F 00 00 00  returns 0x00 (0002ms, 1145ms total)
T0354 106:280 JLINK_ReadMem (0xE0001044, 0x0004 Bytes, ...) -- CPU is running -- CPU_ReadMem(4 bytes @ 0xE0001044) -- Data:  00 00 00 00  returns 0x00 (0002ms, 1147ms total)
T0354 106:282 JLINK_WriteMem(0xE0001044, 0x0004 Bytes, ...) -- Data:  1F 00 00 00 -- CPU is running -- CPU_WriteMem(4 bytes @ 0xE0001044)  returns 0x04 (0002ms, 1149ms total)
T0354 106:284 JLINK_ReadMem (0xE0001044, 0x0004 Bytes, ...) -- CPU is running -- CPU_ReadMem(4 bytes @ 0xE0001044) -- Data:  0F 00 00 00  returns 0x00 (0002ms, 1151ms total)
T0354 106:286 JLINK_ReadMem (0xE0001054, 0x0004 Bytes, ...) -- CPU is running -- CPU_ReadMem(4 bytes @ 0xE0001054) -- Data:  04 00 00 00  returns 0x00 (0002ms, 1153ms total)
T0354 106:288 JLINK_WriteMem(0xE0001054, 0x0004 Bytes, ...) -- Data:  1F 00 00 00 -- CPU is running -- CPU_WriteMem(4 bytes @ 0xE0001054)  returns 0x04 (0001ms, 1154ms total)
T0354 106:289 JLINK_ReadMem (0xE0001054, 0x0004 Bytes, ...) -- CPU is running -- CPU_ReadMem(4 bytes @ 0xE0001054) -- Data:  0F 00 00 00  returns 0x00 (0002ms, 1156ms total)
T0354 106:291 JLINK_ReadMem (0xE0001028, 0x0004 Bytes, ...) -- CPU is running -- CPU_ReadMem(4 bytes @ 0xE0001028) -- Data:  00 00 00 00  returns 0x00 (0002ms, 1158ms total)
T0354 106:293 JLINK_ReadMem (0xE0001038, 0x0004 Bytes, ...) -- CPU is running -- CPU_ReadMem(4 bytes @ 0xE0001038) -- Data:  00 03 00 00  returns 0x00 (0002ms, 1160ms total)
T0354 106:295 JLINK_ReadMem (0xE0001048, 0x0004 Bytes, ...) -- CPU is running -- CPU_ReadMem(4 bytes @ 0xE0001048) -- Data:  00 00 00 00  returns 0x00 (0002ms, 1162ms total)
T0354 106:297 JLINK_ReadMem (0xE0001058, 0x0004 Bytes, ...) -- CPU is running -- CPU_ReadMem(4 bytes @ 0xE0001058) -- Data:  00 00 00 00  returns 0x00 (0002ms, 1164ms total)
T0354 106:299 JLINK_WriteMem(0xE0001020, 0x0004 Bytes, ...) -- Data:  00 00 00 00 -- CPU is running -- CPU_WriteMem(4 bytes @ 0xE0001020)  returns 0x04 (0003ms, 1167ms total)
T0354 106:302 JLINK_WriteMem(0xE0001024, 0x0004 Bytes, ...) -- Data:  00 00 00 00 -- CPU is running -- CPU_WriteMem(4 bytes @ 0xE0001024)  returns 0x04 (0002ms, 1169ms total)
T0354 106:304 JLINK_WriteMem(0xE0001028, 0x0004 Bytes, ...) -- Data:  00 00 00 00 -- CPU is running -- CPU_WriteMem(4 bytes @ 0xE0001028)  returns 0x04 (0002ms, 1171ms total)
T0354 106:306 JLINK_WriteMem(0xE0001030, 0x0004 Bytes, ...) -- Data:  00 00 00 00 -- CPU is running -- CPU_WriteMem(4 bytes @ 0xE0001030)  returns 0x04 (0002ms, 1173ms total)
T0354 106:308 JLINK_WriteMem(0xE0001034, 0x0004 Bytes, ...) -- Data:  00 00 00 00 -- CPU is running -- CPU_WriteMem(4 bytes @ 0xE0001034)  returns 0x04 (0003ms, 1176ms total)
T0354 106:311 JLINK_WriteMem(0xE0001038, 0x0004 Bytes, ...) -- Data:  00 00 00 00 -- CPU is running -- CPU_WriteMem(4 bytes @ 0xE0001038)  returns 0x04 (0002ms, 1178ms total)
T0354 106:313 JLINK_WriteMem(0xE0001040, 0x0004 Bytes, ...) -- Data:  00 00 00 00 -- CPU is running -- CPU_WriteMem(4 bytes @ 0xE0001040)  returns 0x04 (0019ms, 1197ms total)
T0354 106:332 JLINK_WriteMem(0xE0001044, 0x0004 Bytes, ...) -- Data:  00 00 00 00 -- CPU is running -- CPU_WriteMem(4 bytes @ 0xE0001044)  returns 0x04 (0016ms, 1213ms total)
T0354 106:348 JLINK_WriteMem(0xE0001048, 0x0004 Bytes, ...) -- Data:  00 00 00 00 -- CPU is running -- CPU_WriteMem(4 bytes @ 0xE0001048)  returns 0x04 (0002ms, 1215ms total)
T0354 106:350 JLINK_WriteMem(0xE0001050, 0x0004 Bytes, ...) -- Data:  00 00 00 00 -- CPU is running -- CPU_WriteMem(4 bytes @ 0xE0001050)  returns 0x04 (0002ms, 1217ms total)
T0354 106:352 JLINK_WriteMem(0xE0001054, 0x0004 Bytes, ...) -- Data:  00 00 00 00 -- CPU is running -- CPU_WriteMem(4 bytes @ 0xE0001054)  returns 0x04 (0002ms, 1219ms total)
T0354 106:354 JLINK_WriteMem(0xE0001058, 0x0004 Bytes, ...) -- Data:  00 00 00 00 -- CPU is running -- CPU_WriteMem(4 bytes @ 0xE0001058)  returns 0x04 (0003ms, 1222ms total)
T0354 106:357 JLINK_Halt()  returns 0x00 (0006ms, 1228ms total)
T0354 106:384 JLINK_WriteMem(0x400E0804, 0x0004 Bytes, ...) -- Data:  0C 01 00 5A -- CPU_WriteMem(4 bytes @ 0x400E0804)  returns 0x04 (0002ms, 1230ms total)
T0354 106:386 JLINK_ReadMem (0x400E0808, 0x0004 Bytes, ...) -- CPU_ReadMem(4 bytes @ 0x400E0808) -- Data:  00 00 00 00  returns 0x00 (0002ms, 1232ms total)
T0354 106:390 JLINK_ReadMem (0x400E0808, 0x0004 Bytes, ...) -- CPU_ReadMem(4 bytes @ 0x400E0808) -- Data:  01 00 00 00  returns 0x00 (0001ms, 1233ms total)
T0354 106:391 JLINK_Reset() -- CPU_ReadMem(16 bytes @ 0x20000000) -- CPU_WriteMem(16 bytes @ 0x20000000) -- CPU_ReadMem(4 bytes @ 0xE000EDFC) -- CPU_WriteMem(4 bytes @ 0xE000EDFC) -- CPU_WriteMem(4 bytes @ 0xE000ED0C) -- CPU_ReadMem(4 bytes @ 0xE000EDF0) -- CPU_ReadMem(4 bytes @ 0xE000EDF0) -- CPU_WriteMem(4 bytes @ 0xE000EDFC) -- CPU_WriteMem(16 bytes @ 0x20000000) -- CPU_WriteMem(4 bytes @ 0xE0002000) -- CPU_ReadMem(4 bytes @ 0xE000EDFC) -- CPU_ReadMem(4 bytes @ 0xE0001000) (0065ms, 1298ms total)
T0354 106:458 JLINK_JTAG_GetDeviceID(DeviceIndex = 0)  returns 0x4BA00477 (0000ms, 1298ms total)
T0354 106:458 JLINK_ReadMemU32(0x400E0740, 0x0001 Items, ...) -- CPU_ReadMem(4 bytes @ 0x400E0740) -- Data:  61 09 10 28  returns 0x01 (0002ms, 1300ms total)
T0354 106:538 JLINK_ReadMemHW(0x00085B00, 0x0100 Bytes, ...) -- CPU_ReadMem(256 bytes @ 0x00085B00) -- Data:  FF FF FF FF FF FF FF FF FF FF FF FF FF FF FF FF ...  returns 0x00 (0010ms, 1310ms total)
T0354 106:548 JLINK_ReadMemHW(0x00086700, 0x0100 Bytes, ...) -- CPU_ReadMem(256 bytes @ 0x00086700) -- Data:  FF FF FF FF FF FF FF FF FF FF FF FF FF FF FF FF ...  returns 0x00 (0004ms, 1314ms total)
T0354 106:560 JLINK_BeginDownload(Flags = 0x00) (0000ms, 1314ms total)
T0354 106:560 JLINK_WriteMem(0x00080000, 0x0100 Bytes, ...) -- Data:  00 40 08 20 01 0C 08 00 FD 0B 08 00 FD 0B 08 00 ...  returns 0x100 (0000ms, 1314ms total)
T0354 106:560 JLINK_WriteMem(0x00080100, 0x0100 Bytes, ...) -- Data:  AC 5B 08 00 98 0B 00 20 AC 5B 08 00 00 00 00 00 ...  returns 0x100 (0000ms, 1314ms total)
T0354 106:560 JLINK_WriteMem(0x00080200, 0x0100 Bytes, ...) -- Data:  01 23 03 4D A8 47 00 28 0C BF 20 46 00 20 38 BD ...  returns 0x100 (0000ms, 1314ms total)
T0354 106:560 JLINK_WriteMem(0x00080300, 0x0100 Bytes, ...) -- Data:  66 4B 98 47 19 F0 80 0F 00 F0 B1 80 A9 F1 80 00 ...  returns 0x100 (0000ms, 1314ms total)
T0354 106:560 JLINK_WriteMem(0x00080400, 0x0100 Bytes, ...) -- Data:  14 DD 5F FA 89 F0 06 AB 18 44 0D F2 1B 11 3A 46 ...  returns 0x100 (0000ms, 1314ms total)
T0354 106:560 JLINK_WriteMem(0x00080500, 0x0100 Bytes, ...) -- Data:  51 09 08 00 79 09 08 00 99 09 08 00 89 09 08 00 ...  returns 0x100 (0000ms, 1314ms total)
T0354 106:560 JLINK_WriteMem(0x00080600, 0x0100 Bytes, ...) -- Data:  10 BD 00 BF 50 12 0E 40 D9 09 08 00 E5 06 08 00 ...  returns 0x100 (0000ms, 1314ms total)
T0354 106:560 JLINK_WriteMem(0x00080700, 0x0100 Bytes, ...) -- Data:  06 D8 B4 F1 00 6F 0A D0 B4 F1 80 5F 18 D0 49 E0 ...  returns 0x100 (0000ms, 1314ms total)
T0354 106:560 JLINK_WriteMem(0x00080800, 0x0100 Bytes, ...) -- Data:  22 E0 4F F0 80 51 32 46 10 4B 98 47 15 F0 01 0F ...  returns 0x100 (0000ms, 1314ms total)
T0354 106:560 JLINK_WriteMem(0x00080900, 0x0100 Bytes, ...) -- Data:  4F F4 00 63 11 49 01 E0 01 3B 19 D0 8A 6E 12 F0 ...  returns 0x100 (0000ms, 1314ms total)
T0354 106:560 JLINK_WriteMem(0x00080A00, 0x0100 Bytes, ...) -- Data:  00 20 70 47 00 20 70 47 00 04 0E 40 10 B4 AC 23 ...  returns 0x100 (0000ms, 1314ms total)
T0354 106:560 JLINK_WriteMem(0x00080B00, 0x0100 Bytes, ...) -- Data:  2D E9 F0 4F 85 B0 04 46 8B 46 92 46 00 93 03 A8 ...  returns 0x100 (0000ms, 1314ms total)
T0354 106:560 JLINK_WriteMem(0x00080C00, 0x0100 Bytes, ...) -- Data:  10 B5 1E 4B 1E 4A 9A 42 03 D0 1E 4B 1B 4A 9A 42 ...  returns 0x100 (0000ms, 1314ms total)
T0354 106:560 JLINK_WriteMem(0x00080D00, 0x0100 Bytes, ...) -- Data:  20 2B 04 D0 3A E0 2E 4A 2A 4B 1A 60 36 E0 2A 4A ...  returns 0x100 (0000ms, 1314ms total)
T0354 106:560 JLINK_WriteMem(0x00080E00, 0x0100 Bytes, ...) -- Data:  4F F0 FF 30 70 47 00 BF 4F F4 00 53 4B 60 00 20 ...  returns 0x100 (0000ms, 1314ms total)
T0354 106:560 JLINK_WriteMem(0x00080F00, 0x0100 Bytes, ...) -- Data:  21 46 A8 47 00 28 FA D1 19 E0 16 4B 98 42 07 D1 ...  returns 0x100 (0000ms, 1314ms total)
T0354 106:560 JLINK_WriteMem(0x00081000, 0x0100 Bytes, ...) -- Data:  80 10 B0 47 02 46 4F F4 00 20 4F F0 10 11 12 4B ...  returns 0x100 (0000ms, 1314ms total)
T0354 106:560 JLINK_WriteMem(0x00081100, 0x0100 Bytes, ...) -- Data:  00 D8 B8 05 0D 0A 08 00 50 07 00 20 BD 13 08 00 ...  returns 0x100 (0000ms, 1314ms total)
T0354 106:560 JLINK_WriteMem(0x00081200, 0x0100 Bytes, ...) -- Data:  4B 6A 43 62 8B 6A 83 62 CB 6A C3 62 0B 6B 03 63 ...  returns 0x100 (0000ms, 1314ms total)
T0354 106:560 JLINK_WriteMem(0x00081300, 0x0100 Bytes, ...) -- Data:  95 60 D5 60 10 32 B2 42 F8 D1 04 F0 0F 04 01 37 ...  returns 0x100 (0000ms, 1314ms total)
T0354 106:560 JLINK_WriteMem(0x00081400, 0x0100 Bytes, ...) -- Data:  23 F0 83 03 9B B2 02 2E A3 81 2D D0 B8 F1 00 0F ...  returns 0x100 (0000ms, 1314ms total)
T0354 106:560 JLINK_WriteMem(0x00081500, 0x0100 Bytes, ...) -- Data:  22 EA 03 02 12 EA CC 12 04 BF 51 F8 04 3B 04 30 ...  returns 0x100 (0000ms, 1314ms total)
T0354 106:560 JLINK_WriteMem(0x00081600, 0x0100 Bytes, ...) -- Data:  14 93 09 93 CD F8 4C 90 4E 46 98 F8 00 30 00 2B ...  returns 0x100 (0000ms, 1314ms total)
T0354 106:560 JLINK_WriteMem(0x00081700, 0x0100 Bytes, ...) -- Data:  BF 01 D7 02 D7 02 D7 02 D7 02 D7 02 D7 02 D7 02 ...  returns 0x100 (0001ms, 1315ms total)
T0354 106:561 JLINK_WriteMem(0x00081800, 0x0100 Bytes, ...) -- Data:  30 AF 07 F8 41 3D C7 EB 09 04 05 94 DD F8 14 B0 ...  returns 0x100 (0000ms, 1315ms total)
T0354 106:561 JLINK_WriteMem(0x00081900, 0x0100 Bytes, ...) -- Data:  00 F0 C8 80 08 9C E1 1D 21 F0 07 01 D1 E9 00 23 ...  returns 0x100 (0000ms, 1315ms total)
T0354 106:561 JLINK_WriteMem(0x00081A00, 0x0100 Bytes, ...) -- Data:  00 40 0B F1 04 0B 01 23 CD F8 20 B0 DB E6 AC 46 ...  returns 0x100 (0000ms, 1315ms total)
T0354 106:561 JLINK_WriteMem(0x00081B00, 0x0100 Bytes, ...) -- Data:  00 23 82 E5 08 9C AC 46 27 68 4F F0 00 05 04 90 ...  returns 0x100 (0000ms, 1315ms total)
T0354 106:561 JLINK_WriteMem(0x00081C00, 0x0100 Bytes, ...) -- Data:  10 AF 1A F0 10 0F 40 F0 EA 81 1A F0 40 0F 00 F0 ...  returns 0x100 (0000ms, 1315ms total)
T0354 106:561 JLINK_WriteMem(0x00081D00, 0x0100 Bytes, ...) -- Data:  14 91 F0 DD 00 2A 63 D1 10 3D 10 2D 4F F0 01 0C ...  returns 0x100 (0000ms, 1315ms total)
T0354 106:561 JLINK_WriteMem(0x00081E00, 0x0100 Bytes, ...) -- Data:  04 46 0D 46 03 F1 FF 33 EF D1 1A F0 01 0F CD E9 ...  returns 0x100 (0000ms, 1315ms total)
T0354 106:561 JLINK_WriteMem(0x00081F00, 0x0100 Bytes, ...) -- Data:  59 1C 10 32 07 29 15 92 8C E8 40 08 14 91 F0 DD ...  returns 0x100 (0000ms, 1315ms total)
T0354 106:561 JLINK_WriteMem(0x00082000, 0x0100 Bytes, ...) -- Data:  FF F7 94 FA 00 28 7F F4 20 AF 4E 46 FF F7 9A BB ...  returns 0x100 (0000ms, 1315ms total)
T0354 106:561 JLINK_WriteMem(0x00082100, 0x0100 Bytes, ...) -- Data:  CD F8 04 C0 FF F7 12 FA DD F8 04 C0 00 28 7F F4 ...  returns 0x100 (0000ms, 1315ms total)
T0354 106:561 JLINK_WriteMem(0x00082200, 0x0100 Bytes, ...) -- Data:  8D 6D 88 46 19 97 D8 F8 1C 70 B1 F8 0C A0 B1 F8 ...  returns 0x100 (0000ms, 1315ms total)
T0354 106:561 JLINK_WriteMem(0x00082300, 0x0100 Bytes, ...) -- Data:  40 F0 89 80 53 78 4E 46 08 F1 01 02 78 2B 00 F2 ...  returns 0x100 (0000ms, 1315ms total)
T0354 106:561 JLINK_WriteMem(0x00082400, 0x0100 Bytes, ...) -- Data:  93 00 A3 01 A3 01 57 01 4F F0 FF 30 5D B0 BD E8 ...  returns 0x100 (0000ms, 1315ms total)
T0354 106:561 JLINK_WriteMem(0x00082500, 0x0100 Bytes, ...) -- Data:  00 28 A5 D0 0A 9E 00 2E 3F F4 7E AF A3 89 30 46 ...  returns 0x100 (0000ms, 1315ms total)
T0354 106:561 JLINK_WriteMem(0x00082600, 0x0100 Bytes, ...) -- Data:  98 F8 01 30 90 46 7F E6 98 F8 01 30 49 F0 10 09 ...  returns 0x100 (0000ms, 1315ms total)
T0354 106:561 JLINK_WriteMem(0x00082700, 0x0100 Bytes, ...) -- Data:  20 68 01 78 A1 F1 2B 02 4D 2A 44 D8 DF E8 02 F0 ...  returns 0x100 (0000ms, 1315ms total)
T0354 106:561 JLINK_WriteMem(0x00082800, 0x0100 Bytes, ...) -- Data:  62 68 08 9B 01 3A 01 33 00 2A 08 93 62 60 BE DC ...  returns 0x100 (0000ms, 1315ms total)
T0354 106:561 JLINK_WriteMem(0x00082900, 0x0100 Bytes, ...) -- Data:  19 F8 02 20 A2 B1 62 68 21 60 01 3A 62 60 1B 78 ...  returns 0x100 (0000ms, 1315ms total)
T0354 106:561 JLINK_WriteMem(0x00082A00, 0x0100 Bytes, ...) -- Data:  01 36 0A 96 D6 E6 29 F4 B0 69 B7 E6 19 F0 04 0F ...  returns 0x100 (0000ms, 1315ms total)
T0354 106:561 JLINK_WriteMem(0x00082B00, 0x0100 Bytes, ...) -- Data:  DD F8 14 80 33 68 04 36 1D 60 07 96 FF F7 EC BB ...  returns 0x100 (0000ms, 1315ms total)
T0354 106:561 JLINK_WriteMem(0x00082C00, 0x0100 Bytes, ...) -- Data:  D9 F8 00 00 D4 E7 00 BF E9 48 08 00 2F 4B 70 B5 ...  returns 0x100 (0000ms, 1315ms total)
T0354 106:561 JLINK_WriteMem(0x00082D00, 0x0100 Bytes, ...) -- Data:  6A 68 43 F4 00 63 00 2A AB 81 59 DD AC 6A 00 2C ...  returns 0x100 (0000ms, 1315ms total)
T0354 106:561 JLINK_WriteMem(0x00082E00, 0x0100 Bytes, ...) -- Data:  13 D1 A9 89 2B 69 21 F4 00 61 00 22 A9 81 2B 60 ...  returns 0x100 (0000ms, 1315ms total)
T0354 106:561 JLINK_WriteMem(0x00082F00, 0x0100 Bytes, ...) -- Data:  2C 80 21 46 F3 81 B2 81 34 60 74 60 B4 60 74 66 ...  returns 0x100 (0000ms, 1315ms total)
T0354 106:561 JLINK_WriteMem(0x00083000, 0x0100 Bytes, ...) -- Data:  9D F8 04 10 00 25 09 E0 23 68 19 70 23 68 01 33 ...  returns 0x100 (0000ms, 1315ms total)
T0354 106:561 JLINK_WriteMem(0x00083100, 0x0100 Bytes, ...) -- Data:  00 10 E8 D8 52 46 FE F7 61 F8 DB F8 04 10 DB F8 ...  returns 0x100 (0000ms, 1315ms total)
T0354 106:561 JLINK_WriteMem(0x00083200, 0x0100 Bytes, ...) -- Data:  61 AF 54 E7 00 2F CD D1 01 98 05 B0 BD E8 F0 8F ...  returns 0x100 (0000ms, 1315ms total)
T0354 106:561 JLINK_WriteMem(0x00083300, 0x0100 Bytes, ...) -- Data:  62 60 E3 50 E1 B9 B3 F5 00 7F 2D D3 5A 0A 04 2A ...  returns 0x100 (0000ms, 1315ms total)
T0354 106:561 JLINK_WriteMem(0x00083400, 0x0100 Bytes, ...) -- Data:  9A E7 54 2A 03 D8 18 0B 6E 30 41 00 84 E7 B2 F5 ...  returns 0x100 (0000ms, 1315ms total)
T0354 106:561 JLINK_WriteMem(0x00083500, 0x0100 Bytes, ...) -- Data:  42 46 B3 68 92 44 9B 1A C2 EB 08 08 B3 60 00 2B ...  returns 0x100 (0000ms, 1315ms total)
T0354 106:561 JLINK_WriteMem(0x00083600, 0x0100 Bytes, ...) -- Data:  00 9B A1 68 22 68 C9 1A BA EB 07 0A 13 44 A1 60 ...  returns 0x100 (0000ms, 1315ms total)
T0354 106:561 JLINK_WriteMem(0x00083700, 0x0100 Bytes, ...) -- Data:  9B FB DD F8 00 C0 00 28 7F F4 19 AF 67 46 43 E7 ...  returns 0x100 (0000ms, 1315ms total)
T0354 106:561 JLINK_WriteMem(0x00083800, 0x0100 Bytes, ...) -- Data:  C0 B2 70 47 00 20 70 47 54 07 00 20 00 48 70 47 ...  returns 0x100 (0000ms, 1315ms total)
T0354 106:561 JLINK_WriteMem(0x00083900, 0x0100 Bytes, ...) -- Data:  02 4B 01 46 18 68 00 F0 03 B8 00 BF 50 07 00 20 ...  returns 0x100 (0000ms, 1315ms total)
T0354 106:561 JLINK_WriteMem(0x00083A00, 0x0100 Bytes, ...) -- Data:  4F F0 01 08 08 FA 02 F8 03 EB C1 01 5A 68 88 68 ...  returns 0x100 (0000ms, 1315ms total)
T0354 106:561 JLINK_WriteMem(0x00083B00, 0x0100 Bytes, ...) -- Data:  05 EB 01 0A 01 33 04 EB 09 0B 00 F0 61 81 0A F5 ...  returns 0x100 (0000ms, 1315ms total)
T0354 106:561 JLINK_WriteMem(0x00083C00, 0x0100 Bytes, ...) -- Data:  22 F0 03 02 95 42 C5 EB 02 03 01 D8 0F 2B 04 DC ...  returns 0x100 (0000ms, 1315ms total)
T0354 106:561 JLINK_WriteMem(0x00083D00, 0x0100 Bytes, ...) -- Data:  19 44 48 68 1C 46 54 F8 08 2F DB 68 40 F0 01 05 ...  returns 0x100 (0001ms, 1316ms total)
T0354 106:562 JLINK_WriteMem(0x00083E00, 0x0100 Bytes, ...) -- Data:  CE E5 01 22 4F F0 00 0A CB E6 04 F1 08 01 30 46 ...  returns 0x100 (0000ms, 1316ms total)
T0354 106:562 JLINK_WriteMem(0x00083F00, 0x0100 Bytes, ...) -- Data:  03 2C 14 D8 65 1E 54 B3 03 78 8B 42 0D D0 42 1C ...  returns 0x100 (0000ms, 1316ms total)
T0354 106:562 JLINK_WriteMem(0x00084000, 0x0100 Bytes, ...) -- Data:  23 44 21 44 00 2A BF D0 1A 44 11 F8 01 4B 03 F8 ...  returns 0x100 (0000ms, 1316ms total)
T0354 106:562 JLINK_WriteMem(0x00084100, 0x0100 Bytes, ...) -- Data:  31 46 B0 DA 0C 23 00 20 C9 F8 00 30 03 B0 BD E8 ...  returns 0x100 (0000ms, 1316ms total)
T0354 106:562 JLINK_WriteMem(0x00084200, 0x0100 Bytes, ...) -- Data:  CA F8 08 10 61 68 CA F8 0C 10 00 F2 B2 80 08 34 ...  returns 0x100 (0000ms, 1316ms total)
T0354 106:562 JLINK_WriteMem(0x00084300, 0x0100 Bytes, ...) -- Data:  83 60 E3 68 C3 60 2B D0 00 F1 10 03 04 F1 10 02 ...  returns 0x100 (0000ms, 1316ms total)
T0354 106:562 JLINK_WriteMem(0x00084400, 0x0100 Bytes, ...) -- Data:  01 D0 00 20 70 47 FE F7 2D BD 00 BF F8 B5 0C 46 ...  returns 0x100 (0000ms, 1316ms total)
T0354 106:562 JLINK_WriteMem(0x00084500, 0x0100 Bytes, ...) -- Data:  FF F7 8E F9 AD E7 42 F0 40 02 09 23 2B 60 4F F0 ...  returns 0x100 (0000ms, 1316ms total)
T0354 106:562 JLINK_WriteMem(0x00084600, 0x0100 Bytes, ...) -- Data:  B4 F9 0E 10 32 46 2B 46 BD E8 F0 41 00 F0 FE BB ...  returns 0x100 (0000ms, 1316ms total)
T0354 106:562 JLINK_WriteMem(0x00084700, 0x0100 Bytes, ...) -- Data:  BA F1 00 0F 4F F0 22 03 0C BF 6F F0 00 40 4F F0 ...  returns 0x100 (0000ms, 1316ms total)
T0354 106:562 JLINK_WriteMem(0x00084800, 0x0100 Bytes, ...) -- Data:  01 24 16 F8 01 7B 08 EB 07 05 6D 78 15 F0 04 0F ...  returns 0x100 (0000ms, 1316ms total)
T0354 106:562 JLINK_WriteMem(0x00084900, 0x0100 Bytes, ...) -- Data:  01 5B 0C EB 05 00 40 78 00 F0 08 00 00 F0 FF 07 ...  returns 0x100 (0000ms, 1316ms total)
T0354 106:562 JLINK_WriteMem(0x00084A00, 0x0100 Bytes, ...) -- Data:  B8 FB F3 F8 03 FB 08 FB 99 46 6F EA 0B 0B 95 E7 ...  returns 0x100 (0000ms, 1316ms total)
T0354 106:562 JLINK_WriteMem(0x00084B00, 0x0100 Bytes, ...) -- Data:  F0 8F 67 45 D3 DD 4F F0 FF 33 DB E7 30 2F 21 D0 ...  returns 0x100 (0000ms, 1316ms total)
T0354 106:562 JLINK_WriteMem(0x00084C00, 0x0100 Bytes, ...) -- Data:  41 10 00 F2 FD 32 80 F8 FE 13 94 F8 40 10 00 20 ...  returns 0x100 (0000ms, 1316ms total)
T0354 106:562 JLINK_WriteMem(0x00084D00, 0x0100 Bytes, ...) -- Data:  10 B1 83 6B 00 2B 48 D0 A2 89 A0 69 93 B2 A0 60 ...  returns 0x100 (0000ms, 1316ms total)
T0354 106:562 JLINK_WriteMem(0x00084E00, 0x0100 Bytes, ...) -- Data:  8A 23 03 60 4F F0 FF 30 70 47 00 BF 70 B5 08 4C ...  returns 0x100 (0000ms, 1316ms total)
T0354 106:562 JLINK_WriteMem(0x00084F00, 0x0100 Bytes, ...) -- Data:  70 B5 0C 46 05 46 31 B1 10 B1 83 6B 00 2B 2F D0 ...  returns 0x100 (0000ms, 1316ms total)
T0354 106:562 JLINK_WriteMem(0x00085000, 0x0100 Bytes, ...) -- Data:  68 0D 00 20 70 B5 08 4C 06 46 00 25 08 46 11 46 ...  returns 0x100 (0000ms, 1316ms total)
T0354 106:562 JLINK_WriteMem(0x00085100, 0x0100 Bytes, ...) -- Data:  A8 B2 00 FB 02 F3 4F EA 16 4C 4C EA 07 47 BB 42 ...  returns 0x100 (0000ms, 1316ms total)
T0354 106:562 JLINK_WriteMem(0x00085200, 0x0100 Bytes, ...) -- Data:  52 42 63 EB 43 03 62 E7 40 42 61 EB 41 01 4F F0 ...  returns 0x100 (0000ms, 1316ms total)
T0354 106:562 JLINK_WriteMem(0x00085300, 0x0100 Bytes, ...) -- Data:  FF 33 1B D2 BA 45 19 D9 02 3A 67 44 42 EA 01 45 ...  returns 0x100 (0000ms, 1316ms total)
T0354 106:562 JLINK_WriteMem(0x00085400, 0x0100 Bytes, ...) -- Data:  02 D3 82 42 00 F2 DD 80 BD E8 F0 0F 00 23 01 22 ...  returns 0x100 (0000ms, 1316ms total)
T0354 106:562 JLINK_WriteMem(0x00085500, 0x0100 Bytes, ...) -- Data:  03 47 B9 45 04 D9 3F 19 05 F1 FF 33 62 D3 1D 46 ...  returns 0x100 (0000ms, 1316ms total)
T0354 106:562 JLINK_WriteMem(0x00085600, 0x0100 Bytes, ...) -- Data:  6D 3A 30 78 25 30 38 78 20 74 6F 3A 30 78 25 30 ...  returns 0x100 (0000ms, 1316ms total)
T0354 106:562 JLINK_WriteMem(0x00085700, 0x0100 Bytes, ...) -- Data:  4A A1 6B B1 8C C1 AD D1 CE E1 EF F1 31 12 10 02 ...  returns 0x100 (0000ms, 1316ms total)
T0354 106:562 JLINK_WriteMem(0x00085800, 0x0100 Bytes, ...) -- Data:  C2 30 E3 20 04 50 25 40 46 70 67 60 B9 83 98 93 ...  returns 0x100 (0000ms, 1316ms total)
T0354 106:562 JLINK_WriteMem(0x00085900, 0x0100 Bytes, ...) -- Data:  20 2D 2D 00 0A 64 61 74 61 5F 73 69 7A 65 3A 25 ...  returns 0x100 (0000ms, 1316ms total)
T0354 106:562 JLINK_WriteMem(0x00085A00, 0x0100 Bytes, ...) -- Data:  43 00 00 00 28 03 00 20 30 31 32 33 34 35 36 37 ...  returns 0x100 (0000ms, 1316ms total)
T0354 106:562 JLINK_WriteMem(0x00085B00, 0x0100 Bytes, ...) -- Data:  00 00 00 00 00 00 00 00 00 00 00 00 00 00 00 00 ...  returns 0x100 (0000ms, 1316ms total)
T0354 106:562 JLINK_WriteMem(0x00085C00, 0x0100 Bytes, ...) -- Data:  06 D3 A0 F5 80 16 C6 F3 0F 26 DF F8 A0 80 05 E0 ...  returns 0x100 (0000ms, 1316ms total)
T0354 106:562 JLINK_WriteMem(0x00085D00, 0x0100 Bytes, ...) -- Data:  D2 B2 42 F0 B4 42 42 60 83 68 01 93 01 9B 13 F0 ...  returns 0x100 (0000ms, 1316ms total)
T0354 106:562 JLINK_WriteMem(0x00085E00, 0x0100 Bytes, ...) -- Data:  13 F0 08 0F FB D0 12 4A 0F 4B 9A 62 1A 46 93 6E ...  returns 0x100 (0000ms, 1316ms total)
T0354 106:562 JLINK_WriteMem(0x00085F00, 0x0100 Bytes, ...) -- Data:  00 00 00 00 00 00 00 00 00 5A 08 00 00 00 00 00 ...  returns 0x100 (0000ms, 1316ms total)
T0354 106:562 JLINK_WriteMem(0x00086000, 0x0100 Bytes, ...) -- Data:  00 00 00 00 00 00 00 00 00 00 00 00 00 00 00 00 ...  returns 0x100 (0000ms, 1316ms total)
T0354 106:562 JLINK_WriteMem(0x00086100, 0x0100 Bytes, ...) -- Data:  00 00 00 00 00 00 00 00 00 00 00 00 00 00 00 00 ...  returns 0x100 (0000ms, 1316ms total)
T0354 106:563 JLINK_WriteMem(0x00086200, 0x0100 Bytes, ...) -- Data:  00 00 00 00 00 00 00 00 00 00 00 00 00 00 00 00 ...  returns 0x100 (0000ms, 1316ms total)
T0354 106:563 JLINK_WriteMem(0x00086300, 0x0100 Bytes, ...) -- Data:  7C 5A 08 00 41 53 43 49 49 00 00 00 00 00 00 00 ...  returns 0x100 (0000ms, 1316ms total)
T0354 106:563 JLINK_WriteMem(0x00086400, 0x0100 Bytes, ...) -- Data:  4C 08 00 20 4C 08 00 20 54 08 00 20 54 08 00 20 ...  returns 0x100 (0000ms, 1316ms total)
T0354 106:563 JLINK_WriteMem(0x00086500, 0x0100 Bytes, ...) -- Data:  4C 09 00 20 4C 09 00 20 54 09 00 20 54 09 00 20 ...  returns 0x100 (0000ms, 1316ms total)
T0354 106:563 JLINK_WriteMem(0x00086600, 0x0100 Bytes, ...) -- Data:  4C 0A 00 20 4C 0A 00 20 54 0A 00 20 54 0A 00 20 ...  returns 0x100 (0000ms, 1316ms total)
T0354 106:563 JLINK_WriteMem(0x00086700, 0x0100 Bytes, ...) -- Data:  4C 0B 00 20 4C 0B 00 20 54 0B 00 20 54 0B 00 20 ...  returns 0x100 (0000ms, 1316ms total)
T0354 106:642 JLINK_EndDownload() -- -------------------------------------- -- Start of determining dirty areas -- End of determining dirty areas -- Start of preparing flash programming -- Calculating RAM usage -- RAM usage = 3804 Bytes -- Preserving registers -- Preparing memory -- Determining CPU clock frequency -- CPU clock frequency: 3817 kHz -- CPU frequency = 3817 kHz -- Preparing target -- Downloading RAMCode -- Using alternate TurboMode RAMCode -- Checking target RAM -- Preparing RAMCode
 -- End of preparing flash programmingCPU is running at low speed (3817 kHz). -- CPU is running at 3817 kHz. -- Start of comparing flash -- Read back was estimated as fastest method -- Comparing range 0x80000 - 0x867FF (104 Sectors, 26 KB), using multi-block CRC calculation -- CPU is running -- CPU_ReadMem(256 bytes @ 0x00080000) -- CPU is running -- CPU_ReadMem(256 bytes @ 0x00080100) -- CPU is running -- CPU_ReadMem(256 bytes @ 0x00080200) -- CPU is running -- CPU_ReadMem(256 bytes @ 0x00080300)
 -- CPU is running -- CPU_ReadMem(256 bytes @ 0x00080400) -- CPU is running -- CPU_ReadMem(256 bytes @ 0x00080500) -- CPU is running -- CPU_ReadMem(256 bytes @ 0x00080600) -- CPU is running -- CPU_ReadMem(256 bytes @ 0x00080700) -- CPU is running -- CPU_ReadMem(256 bytes @ 0x00080800) -- CPU is running -- CPU_ReadMem(256 bytes @ 0x00080900) -- CPU is running -- CPU_ReadMem(256 bytes @ 0x00080A00) -- CPU is running -- CPU_ReadMem(256 bytes @ 0x00080B00) -- CPU is running
 -- CPU_ReadMem(256 bytes @ 0x00080C00) -- CPU is running -- CPU_ReadMem(256 bytes @ 0x00080D00) -- CPU is running -- CPU_ReadMem(256 bytes @ 0x00080E00) -- CPU is running -- CPU_ReadMem(256 bytes @ 0x00080F00) -- CPU is running -- CPU_ReadMem(256 bytes @ 0x00081000) -- CPU is running -- CPU_ReadMem(256 bytes @ 0x00081100) -- CPU is running -- CPU_ReadMem(256 bytes @ 0x00081200) -- CPU is running -- CPU_ReadMem(256 bytes @ 0x00081300) -- CPU is running -- CPU_ReadMem(256 bytes @ 0x00081400)
 -- CPU is running -- CPU_ReadMem(256 bytes @ 0x00081500) -- CPU is running -- CPU_ReadMem(256 bytes @ 0x00081600) -- CPU is running -- CPU_ReadMem(256 bytes @ 0x00081700) -- CPU is running -- CPU_ReadMem(256 bytes @ 0x00081800) -- CPU is running -- CPU_ReadMem(256 bytes @ 0x00081900) -- CPU is running -- CPU_ReadMem(256 bytes @ 0x00081A00) -- CPU is running -- CPU_ReadMem(256 bytes @ 0x00081B00) -- CPU is running -- CPU_ReadMem(256 bytes @ 0x00081C00) -- CPU is running
 -- CPU_ReadMem(256 bytes @ 0x00081D00) -- CPU is running -- CPU_ReadMem(256 bytes @ 0x00081E00) -- CPU is running -- CPU_ReadMem(256 bytes @ 0x00081F00) -- CPU is running -- CPU_ReadMem(256 bytes @ 0x00082000) -- CPU is running -- CPU_ReadMem(256 bytes @ 0x00082100) -- CPU is running -- CPU_ReadMem(256 bytes @ 0x00082200) -- CPU is running -- CPU_ReadMem(256 bytes @ 0x00082300) -- CPU is running -- CPU_ReadMem(256 bytes @ 0x00082400) -- CPU is running -- CPU_ReadMem(256 bytes @ 0x00082500)
 -- CPU is running -- CPU_ReadMem(256 bytes @ 0x00082600) -- CPU is running -- CPU_ReadMem(256 bytes @ 0x00082700) -- CPU is running -- CPU_ReadMem(256 bytes @ 0x00082800) -- CPU is running -- CPU_ReadMem(256 bytes @ 0x00082900) -- CPU is running -- CPU_ReadMem(256 bytes @ 0x00082A00) -- CPU is running -- CPU_ReadMem(256 bytes @ 0x00082B00) -- CPU is running -- CPU_ReadMem(256 bytes @ 0x00082C00) -- CPU is running -- CPU_ReadMem(256 bytes @ 0x00082D00) -- CPU is running
 -- CPU_ReadMem(256 bytes @ 0x00082E00) -- CPU is running -- CPU_ReadMem(256 bytes @ 0x00082F00) -- CPU is running -- CPU_ReadMem(256 bytes @ 0x00083000) -- CPU is running -- CPU_ReadMem(256 bytes @ 0x00083100) -- CPU is running -- CPU_ReadMem(256 bytes @ 0x00083200) -- CPU is running -- CPU_ReadMem(256 bytes @ 0x00083300) -- CPU is running -- CPU_ReadMem(256 bytes @ 0x00083400) -- CPU is running -- CPU_ReadMem(256 bytes @ 0x00083500) -- CPU is running -- CPU_ReadMem(256 bytes @ 0x00083600)
 -- CPU is running -- CPU_ReadMem(256 bytes @ 0x00083700) -- CPU is running -- CPU_ReadMem(256 bytes @ 0x00083800) -- CPU is running -- CPU_ReadMem(256 bytes @ 0x00083900) -- CPU is running -- CPU_ReadMem(256 bytes @ 0x00083A00) -- CPU is running -- CPU_ReadMem(256 bytes @ 0x00083B00) -- CPU is running -- CPU_ReadMem(256 bytes @ 0x00083C00) -- CPU is running -- CPU_ReadMem(256 bytes @ 0x00083D00) -- CPU is running -- CPU_ReadMem(256 bytes @ 0x00083E00) -- CPU is running
 -- CPU_ReadMem(256 bytes @ 0x00083F00) -- CPU is running -- CPU_ReadMem(256 bytes @ 0x00084000) -- CPU is running -- CPU_ReadMem(256 bytes @ 0x00084100) -- CPU is running -- CPU_ReadMem(256 bytes @ 0x00084200) -- CPU is running -- CPU_ReadMem(256 bytes @ 0x00084300) -- CPU is running -- CPU_ReadMem(256 bytes @ 0x00084400) -- CPU is running -- CPU_ReadMem(256 bytes @ 0x00084500) -- CPU is running -- CPU_ReadMem(256 bytes @ 0x00084600) -- CPU is running -- CPU_ReadMem(256 bytes @ 0x00084700)
 -- CPU is running -- CPU_ReadMem(256 bytes @ 0x00084800) -- CPU is running -- CPU_ReadMem(256 bytes @ 0x00084900) -- CPU is running -- CPU_ReadMem(256 bytes @ 0x00084A00) -- CPU is running -- CPU_ReadMem(256 bytes @ 0x00084B00) -- CPU is running -- CPU_ReadMem(256 bytes @ 0x00084C00) -- CPU is running -- CPU_ReadMem(256 bytes @ 0x00084D00) -- CPU is running -- CPU_ReadMem(256 bytes @ 0x00084E00) -- CPU is running -- CPU_ReadMem(256 bytes @ 0x00084F00) -- CPU is running
 -- CPU_ReadMem(256 bytes @ 0x00085000) -- CPU is running -- CPU_ReadMem(256 bytes @ 0x00085100) -- CPU is running -- CPU_ReadMem(256 bytes @ 0x00085200) -- CPU is running -- CPU_ReadMem(256 bytes @ 0x00085300) -- CPU is running -- CPU_ReadMem(256 bytes @ 0x00085400) -- CPU is running -- CPU_ReadMem(256 bytes @ 0x00085500) -- CPU is running -- CPU_ReadMem(256 bytes @ 0x00085600) -- CPU is running -- CPU_ReadMem(256 bytes @ 0x00085700) -- CPU is running -- CPU_ReadMem(256 bytes @ 0x00085800)
 -- CPU is running -- CPU_ReadMem(256 bytes @ 0x00085900) -- CPU is running -- CPU_ReadMem(256 bytes @ 0x00085A00) -- CPU is running -- CPU_ReadMem(256 bytes @ 0x00085B00) -- CPU is running -- CPU_ReadMem(256 bytes @ 0x00085C00) -- CPU is running -- CPU_ReadMem(256 bytes @ 0x00085D00) -- CPU is running -- CPU_ReadMem(256 bytes @ 0x00085E00) -- CPU is running -- CPU_ReadMem(256 bytes @ 0x00085F00) -- CPU is running -- CPU_ReadMem(256 bytes @ 0x00086000) -- CPU is running
 -- CPU_ReadMem(256 bytes @ 0x00086100) -- CPU is running -- CPU_ReadMem(256 bytes @ 0x00086200) -- CPU is running -- CPU_ReadMem(256 bytes @ 0x00086300) -- CPU is running -- CPU_ReadMem(256 bytes @ 0x00086400) -- CPU is running -- CPU_ReadMem(256 bytes @ 0x00086500) -- CPU is running -- CPU_ReadMem(256 bytes @ 0x00086600) -- CPU is running -- CPU_ReadMem(256 bytes @ 0x00086700) -- CRC does not match for sectors 0-103 -- End of comparing flash -- Start of erasing sectors
 -- Erasing range 0x00080000 - 0x00081FFF ( 32 Sectors, 8 KB) -- Erasing range 0x00082000 - 0x00083CFF ( 29 Sectors, 7 KB) -- End of erasing sectors -- Start of flash programming -- Programming range 0x00080000 - 0x00081FFF ( 32 Sectors, 8 KB) -- Programming range 0x00082000 - 0x00083FFF ( 32 Sectors, 8 KB) -- Programming range 0x00084000 - 0x00085FFF ( 32 Sectors, 8 KB) -- Programming range 0x00086000 - 0x000867FF (  8 Sectors, 2 KB) -- End of flash programming
 -- Flash programming performed for 1 range (26624 bytes) -- 0x80000 - 0x867FF (104 Sectors, 26 KB) -- Start of verifying flash -- Checksum calculation was estimated as fastest method -- End of verifying flash -- Start of restoring -- Restore RAMCode -- Restore content of target memory -- Restore target -- Restore memory -- Restore content of registers -- End of restoring -- Total time needed: 1.374s (Prepare: 0.279s, Compare: 0.476s, Erase: 0.000s, Program: 0.589s, Verify: 0.010s, Restore: 0.018s)
  returns 0x6800 (1360ms, 2676ms total)
T0C78 108:002 JLINK_IsHalted()  returns TRUE (0003ms, 2679ms total)
T0354 108:007 JLINK_JTAG_GetDeviceID(DeviceIndex = 0)  returns 0x4BA00477 (0000ms, 2679ms total)
T0C78 108:008 JLINK_GetMOEs(...) -- CPU_ReadMem(4 bytes @ 0xE000ED30) -- CPU_WriteMem(4 bytes @ 0xE000ED30)  returns 0x01 (0003ms, 2682ms total)
T0354 108:011 JLINK_ReadMemU32(0x400E0740, 0x0001 Items, ...) -- CPU_ReadMem(4 bytes @ 0x400E0740) -- Data:  61 09 10 28  returns 0x01 (0002ms, 2684ms total)
T0C78 108:013 JLINK_ReadReg(R15 (PC))  returns 0x0018004C (0000ms, 2684ms total)
T0C78 108:078 JLINK_IsHalted()  returns TRUE (0000ms, 2684ms total)
T0C78 108:282 JLINK_IsHalted()  returns TRUE (0000ms, 2684ms total)
T1094 108:398 JLINK_Halt()  returns 0x00 (0007ms, 2691ms total)
T1094 108:419 JLINK_ReadReg(R15 (PC))  returns 0x0018004C (0000ms, 2691ms total)
T1094 108:419 JLINK_ReadReg(R13 (SP))  returns 0x20000800 (0000ms, 2691ms total)
T1094 108:450 JLINK_ReadMem (0x0018004C, 0x0004 Bytes, ...) -- CPU_ReadMem(64 bytes @ 0x00180040) -- Updating C cache (64 bytes @ 0x00180040) -- Read from C cache (4 bytes @ 0x0018004C) -- Data:  00 F0 02 F8  returns 0x00 (0003ms, 2694ms total)
T1094 108:453 JLINK_ReadReg(R0)  returns 0x400E1200 (0000ms, 2694ms total)
T1094 108:453 JLINK_ReadReg(R1)  returns 0x00000000 (0000ms, 2694ms total)
T1094 108:453 JLINK_ReadReg(R2)  returns 0xA5000004 (0000ms, 2694ms total)
T1094 108:453 JLINK_ReadReg(R3)  returns 0x2000025C (0000ms, 2694ms total)
T1094 108:453 JLINK_ReadReg(R4)  returns 0x00000002 (0000ms, 2694ms total)
T1094 108:453 JLINK_ReadReg(R5)  returns 0x20000FF8 (0000ms, 2694ms total)
T1094 108:453 JLINK_ReadReg(R6)  returns 0x00000000 (0000ms, 2694ms total)
T1094 108:453 JLINK_ReadReg(R7)  returns 0x00000000 (0000ms, 2694ms total)
T1094 108:453 JLINK_ReadReg(R8)  returns 0x000817E5 (0000ms, 2694ms total)
T1094 108:453 JLINK_ReadReg(R9)  returns 0x00840026 (0000ms, 2694ms total)
T1094 108:453 JLINK_ReadReg(R10)  returns 0x8018DA02 (0000ms, 2694ms total)
T1094 108:453 JLINK_ReadReg(R11)  returns 0x92482400 (0000ms, 2694ms total)
T1094 108:453 JLINK_ReadReg(R12)  returns 0x90108B4C (0000ms, 2694ms total)
T1094 108:453 JLINK_ReadReg(R13 (SP))  returns 0x20000800 (0000ms, 2694ms total)
T1094 108:453 JLINK_ReadReg(R14)  returns 0xFFFFFFFF (0000ms, 2694ms total)
T1094 108:453 JLINK_ReadReg(R15 (PC))  returns 0x0018004C (0000ms, 2694ms total)
T1094 108:453 JLINK_ReadReg(XPSR)  returns 0x01000000 (0000ms, 2694ms total)
T1094 108:453 JLINK_ReadReg(MSP)  returns 0x20000800 (0000ms, 2694ms total)
T1094 108:453 JLINK_ReadReg(PSP)  returns 0x00142174 (0000ms, 2694ms total)
T1094 108:453 JLINK_ReadReg(APSR)  returns 0x00000000 (0000ms, 2694ms total)
T1094 108:453 JLINK_ReadReg(EPSR)  returns 0x01000000 (0000ms, 2694ms total)
T1094 108:453 JLINK_ReadReg(IPSR)  returns 0x00000000 (0000ms, 2694ms total)
T1094 108:453 JLINK_ReadReg(PRIMASK)  returns 0x00000000 (0000ms, 2694ms total)
T1094 108:453 JLINK_ReadReg(BASEPRI)  returns 0x00000000 (0000ms, 2694ms total)
T1094 108:453 JLINK_ReadReg(FAULTMASK)  returns 0x00000000 (0000ms, 2694ms total)
T1094 108:453 JLINK_ReadReg(CONTROL)  returns 0x00000000 (0000ms, 2694ms total)
T1094 108:478 JLINK_ReadReg(R0)  returns 0x400E1200 (0000ms, 2694ms total)
T1094 108:478 JLINK_ReadReg(R1)  returns 0x00000000 (0000ms, 2694ms total)
T1094 108:478 JLINK_ReadReg(R2)  returns 0xA5000004 (0000ms, 2694ms total)
T1094 108:478 JLINK_ReadReg(R3)  returns 0x2000025C (0000ms, 2694ms total)
T1094 108:478 JLINK_ReadReg(R4)  returns 0x00000002 (0000ms, 2694ms total)
T1094 108:478 JLINK_ReadReg(R5)  returns 0x20000FF8 (0000ms, 2694ms total)
T1094 108:478 JLINK_ReadReg(R6)  returns 0x00000000 (0000ms, 2694ms total)
T1094 108:478 JLINK_ReadReg(R7)  returns 0x00000000 (0000ms, 2694ms total)
T1094 108:478 JLINK_ReadReg(R8)  returns 0x000817E5 (0000ms, 2694ms total)
T1094 108:478 JLINK_ReadReg(R9)  returns 0x00840026 (0000ms, 2694ms total)
T1094 108:478 JLINK_ReadReg(R10)  returns 0x8018DA02 (0000ms, 2694ms total)
T1094 108:478 JLINK_ReadReg(R11)  returns 0x92482400 (0000ms, 2694ms total)
T1094 108:478 JLINK_ReadReg(R12)  returns 0x90108B4C (0000ms, 2694ms total)
T1094 108:478 JLINK_ReadReg(R13 (SP))  returns 0x20000800 (0000ms, 2694ms total)
T1094 108:478 JLINK_ReadReg(R14)  returns 0xFFFFFFFF (0000ms, 2694ms total)
T1094 108:478 JLINK_ReadReg(R15 (PC))  returns 0x0018004C (0000ms, 2694ms total)
T1094 108:478 JLINK_ReadReg(XPSR)  returns 0x01000000 (0000ms, 2694ms total)
T1094 108:478 JLINK_ReadReg(MSP)  returns 0x20000800 (0000ms, 2694ms total)
T1094 108:478 JLINK_ReadReg(PSP)  returns 0x00142174 (0000ms, 2694ms total)
T1094 108:478 JLINK_ReadReg(APSR)  returns 0x00000000 (0000ms, 2694ms total)
T1094 108:478 JLINK_ReadReg(EPSR)  returns 0x01000000 (0000ms, 2694ms total)
T1094 108:478 JLINK_ReadReg(IPSR)  returns 0x00000000 (0000ms, 2694ms total)
T1094 108:478 JLINK_ReadReg(PRIMASK)  returns 0x00000000 (0000ms, 2694ms total)
T1094 108:478 JLINK_ReadReg(BASEPRI)  returns 0x00000000 (0000ms, 2694ms total)
T1094 108:478 JLINK_ReadReg(FAULTMASK)  returns 0x00000000 (0000ms, 2694ms total)
T1094 108:478 JLINK_ReadReg(CONTROL)  returns 0x00000000 (0000ms, 2694ms total)
T1094 108:479 JLINK_ReadMem (0x0018004C, 0x0004 Bytes, ...) -- Read from C cache (4 bytes @ 0x0018004C) -- Data:  00 F0 02 F8  returns 0x00 (0000ms, 2694ms total)
T0C78 108:482 JLINK_IsHalted()  returns TRUE (0000ms, 2694ms total)
T1094 108:524 JLINK_ReadReg(R15 (PC))  returns 0x0018004C (0009ms, 2703ms total)
T1094 108:533 JLINK_Reset() -- CPU_ReadMem(16 bytes @ 0x20000000) -- CPU_WriteMem(16 bytes @ 0x20000000) -- CPU_ReadMem(4 bytes @ 0xE000EDFC) -- CPU_WriteMem(4 bytes @ 0xE000EDFC) -- CPU_WriteMem(4 bytes @ 0xE000ED0C) -- CPU_ReadMem(4 bytes @ 0xE000EDF0) -- CPU_ReadMem(4 bytes @ 0xE000EDF0) -- CPU_WriteMem(4 bytes @ 0xE000EDFC) -- CPU_WriteMem(16 bytes @ 0x20000000) -- CPU_WriteMem(4 bytes @ 0xE0002000) -- CPU_ReadMem(4 bytes @ 0xE000EDFC) -- CPU_ReadMem(4 bytes @ 0xE0001000) (0088ms, 2791ms total)
T0C78 108:621 JLINK_IsHalted()  returns TRUE (0000ms, 2791ms total)
T0C78 108:621 JLINK_GetMOEs(...) -- CPU_ReadMem(4 bytes @ 0xE000ED30) -- CPU_WriteMem(4 bytes @ 0xE000ED30)  returns 0x01 (0017ms, 2808ms total)
T0C78 108:638 JLINK_ReadReg(R15 (PC))  returns 0x00080C00 (0000ms, 2808ms total)
T1094 108:644 JLINK_ReadReg(R15 (PC))  returns 0x00080C00 (0000ms, 2808ms total)
T1094 108:644 JLINK_ReadReg(R13 (SP))  returns 0x20084000 (0000ms, 2808ms total)
T1094 108:688 JLINK_ReadReg(R0)  returns 0x400E1200 (0000ms, 2808ms total)
T1094 108:688 JLINK_ReadReg(R1)  returns 0x00000000 (0000ms, 2808ms total)
T1094 108:688 JLINK_ReadReg(R2)  returns 0xA5000004 (0000ms, 2808ms total)
T1094 108:688 JLINK_ReadReg(R3)  returns 0x2000025C (0000ms, 2808ms total)
T1094 108:688 JLINK_ReadReg(R4)  returns 0x00000002 (0000ms, 2808ms total)
T1094 108:688 JLINK_ReadReg(R5)  returns 0x20000FF8 (0000ms, 2808ms total)
T1094 108:688 JLINK_ReadReg(R6)  returns 0x00000000 (0000ms, 2808ms total)
T1094 108:688 JLINK_ReadReg(R7)  returns 0x00000000 (0000ms, 2808ms total)
T1094 108:688 JLINK_ReadReg(R8)  returns 0x000817E5 (0000ms, 2808ms total)
T1094 108:688 JLINK_ReadReg(R9)  returns 0x00840026 (0000ms, 2808ms total)
T1094 108:688 JLINK_ReadReg(R10)  returns 0x8018DA02 (0000ms, 2808ms total)
T1094 108:688 JLINK_ReadReg(R11)  returns 0x92482400 (0000ms, 2808ms total)
T1094 108:688 JLINK_ReadReg(R12)  returns 0x90108B4C (0000ms, 2808ms total)
T1094 108:688 JLINK_ReadReg(R13 (SP))  returns 0x20084000 (0000ms, 2808ms total)
T1094 108:688 JLINK_ReadReg(R14)  returns 0xFFFFFFFF (0000ms, 2808ms total)
T1094 108:688 JLINK_ReadReg(R15 (PC))  returns 0x00080C00 (0000ms, 2808ms total)
T1094 108:688 JLINK_ReadReg(XPSR)  returns 0x01000000 (0000ms, 2808ms total)
T1094 108:688 JLINK_ReadReg(MSP)  returns 0x20084000 (0000ms, 2808ms total)
T1094 108:688 JLINK_ReadReg(PSP)  returns 0x00142174 (0000ms, 2808ms total)
T1094 108:688 JLINK_ReadReg(APSR)  returns 0x00000000 (0000ms, 2808ms total)
T1094 108:688 JLINK_ReadReg(EPSR)  returns 0x01000000 (0000ms, 2808ms total)
T1094 108:688 JLINK_ReadReg(IPSR)  returns 0x00000000 (0000ms, 2808ms total)
T1094 108:688 JLINK_ReadReg(PRIMASK)  returns 0x00000000 (0000ms, 2808ms total)
T1094 108:688 JLINK_ReadReg(BASEPRI)  returns 0x00000000 (0000ms, 2808ms total)
T1094 108:688 JLINK_ReadReg(FAULTMASK)  returns 0x00000000 (0000ms, 2808ms total)
T1094 108:688 JLINK_ReadReg(CONTROL)  returns 0x00000000 (0000ms, 2808ms total)
T1094 108:725 JLINK_WriteReg(R15 (PC), 0x00080C01)Cortex-M: Debugger tries to set PC to odd value. Corrected register value from 0x00080C01 to 0x00080C00  returns 0x00 (0000ms, 2808ms total)
T1094 108:725 JLINK_ReadReg(R0)  returns 0x400E1200 (0000ms, 2808ms total)
T1094 108:725 JLINK_ReadReg(R1)  returns 0x00000000 (0000ms, 2808ms total)
T1094 108:725 JLINK_ReadReg(R2)  returns 0xA5000004 (0000ms, 2808ms total)
T1094 108:725 JLINK_ReadReg(R3)  returns 0x2000025C (0000ms, 2808ms total)
T1094 108:725 JLINK_ReadReg(R4)  returns 0x00000002 (0000ms, 2808ms total)
T1094 108:725 JLINK_ReadReg(R5)  returns 0x20000FF8 (0000ms, 2808ms total)
T1094 108:726 JLINK_ReadReg(R6)  returns 0x00000000 (0000ms, 2809ms total)
T1094 108:726 JLINK_ReadReg(R7)  returns 0x00000000 (0000ms, 2809ms total)
T1094 108:726 JLINK_ReadReg(R8)  returns 0x000817E5 (0000ms, 2809ms total)
T1094 108:726 JLINK_ReadReg(R9)  returns 0x00840026 (0000ms, 2809ms total)
T1094 108:726 JLINK_ReadReg(R10)  returns 0x8018DA02 (0000ms, 2809ms total)
T1094 108:726 JLINK_ReadReg(R11)  returns 0x92482400 (0000ms, 2809ms total)
T1094 108:726 JLINK_ReadReg(R12)  returns 0x90108B4C (0000ms, 2809ms total)
T1094 108:726 JLINK_ReadReg(R13 (SP))  returns 0x20084000 (0000ms, 2809ms total)
T1094 108:726 JLINK_ReadReg(R14)  returns 0xFFFFFFFF (0000ms, 2809ms total)
T1094 108:726 JLINK_ReadReg(R15 (PC))  returns 0x00080C00 (0000ms, 2809ms total)
T1094 108:726 JLINK_ReadReg(XPSR)  returns 0x01000000 (0000ms, 2809ms total)
T1094 108:726 JLINK_ReadReg(MSP)  returns 0x20084000 (0000ms, 2809ms total)
T1094 108:726 JLINK_ReadReg(PSP)  returns 0x00142174 (0000ms, 2809ms total)
T1094 108:726 JLINK_ReadReg(APSR)  returns 0x00000000 (0000ms, 2809ms total)
T1094 108:726 JLINK_ReadReg(EPSR)  returns 0x01000000 (0000ms, 2809ms total)
T1094 108:726 JLINK_ReadReg(IPSR)  returns 0x00000000 (0000ms, 2809ms total)
T1094 108:726 JLINK_ReadReg(PRIMASK)  returns 0x00000000 (0000ms, 2809ms total)
T1094 108:726 JLINK_ReadReg(BASEPRI)  returns 0x00000000 (0000ms, 2809ms total)
T1094 108:726 JLINK_ReadReg(FAULTMASK)  returns 0x00000000 (0000ms, 2809ms total)
T1094 108:726 JLINK_ReadReg(CONTROL)  returns 0x00000000 (0000ms, 2809ms total)
T1094 108:775 JLINK_ReadReg(R15 (PC))  returns 0x00080C00 (0000ms, 2809ms total)
T1094 108:775 JLINK_GetNumBPUnits(Type = 0xFFFFFF02)  returns 0x06 (0000ms, 2809ms total)
T1094 108:775 JLINK_SetBPEx(Addr = 0x00081060, Type = 0xFFFFFF02)  returns 0x00000001 (0000ms, 2809ms total)
T1094 108:775 JLINK_GetBPInfo(BPHandle = 1)  returns 0x00 (0000ms, 2809ms total)
T1094 108:775 JLINK_Go() -- CPU_WriteMem(4 bytes @ 0xE0002008) -- CPU_WriteMem(4 bytes @ 0xE000200C) -- CPU_WriteMem(4 bytes @ 0xE0002010) -- CPU_WriteMem(4 bytes @ 0xE0002014) -- CPU_WriteMem(4 bytes @ 0xE0002018) -- CPU_WriteMem(4 bytes @ 0xE000201C) -- CPU_WriteMem(4 bytes @ 0xE0001004) (0018ms, 2827ms total)
T0C78 108:793 JLINK_IsHalted()  returns TRUE (0006ms, 2833ms total)
T0C78 108:799 JLINK_GetMOEs(...) -- CPU_ReadMem(4 bytes @ 0xE000ED30) -- CPU_WriteMem(4 bytes @ 0xE000ED30)  returns 0x01 (0005ms, 2832ms total)
T0C78 108:804 JLINK_ReadReg(R15 (PC))  returns 0x00081060 (0000ms, 2832ms total)
T0C78 108:804 JLINK_GetBPInfo(BPHandle = 1)  returns 0x00 (0000ms, 2832ms total)
T0C78 108:804 JLINK_ClrBPEx(BPHandle = 0x00000001)  returns 0x00 (0000ms, 2832ms total)
T1094 108:815 JLINK_ReadReg(R15 (PC))  returns 0x00081060 (0000ms, 2832ms total)
T1094 108:815 JLINK_ReadReg(R13 (SP))  returns 0x20083FF8 (0000ms, 2832ms total)
T1094 108:852 JLINK_ReadReg(R15 (PC))  returns 0x00081060 (0000ms, 2832ms total)
T1094 108:852 JLINK_Go() -- CPU_WriteMem(4 bytes @ 0xE0002008) (0004ms, 2836ms total)
T0C78 108:856 JLINK_IsHalted()  returns FALSE (0002ms, 2838ms total)
T0C78 108:898 JLINK_IsHalted()  returns FALSE (0001ms, 2837ms total)
T0C78 109:073 JLINK_IsHalted()  returns FALSE (0001ms, 2837ms total)
T0C78 109:721 JLINK_IsHalted()  returns FALSE (0030ms, 2867ms total)
T0C78 110:392 JLINK_IsHalted()  returns FALSE (0004ms, 2841ms total)
T0C78 111:037 JLINK_IsHalted()  returns FALSE (0015ms, 2852ms total)
T0C78 111:694 JLINK_IsHalted()  returns FALSE (0013ms, 2850ms total)
T0C78 112:348 JLINK_IsHalted()  returns FALSE (0011ms, 2848ms total)
T0C78 113:051 JLINK_IsHalted()  returns FALSE (0002ms, 2839ms total)
T0C78 113:694 JLINK_IsHalted()  returns FALSE (0007ms, 2844ms total)
T0C78 114:342 JLINK_IsHalted()  returns FALSE (0011ms, 2848ms total)
T0C78 114:996 JLINK_IsHalted()  returns FALSE (0029ms, 2866ms total)
T0C78 115:665 JLINK_IsHalted()  returns FALSE (0015ms, 2852ms total)
T0C78 116:321 JLINK_IsHalted()  returns FALSE (0008ms, 2845ms total)
T0C78 116:971 JLINK_IsHalted()  returns FALSE (0012ms, 2849ms total)
T0C78 117:623 JLINK_IsHalted()  returns FALSE (0035ms, 2872ms total)
T0C78 118:303 JLINK_IsHalted()  returns FALSE (0026ms, 2863ms total)
T0C78 118:970 JLINK_IsHalted()  returns FALSE (0017ms, 2854ms total)
T0C78 119:628 JLINK_IsHalted()  returns FALSE (0023ms, 2860ms total)
T0C78 120:291 JLINK_IsHalted()  returns FALSE (0019ms, 2856ms total)
T0C78 120:951 JLINK_IsHalted()  returns FALSE (0024ms, 2861ms total)
T0C78 121:618 JLINK_IsHalted()  returns FALSE (0020ms, 2857ms total)
T0C78 122:279 JLINK_IsHalted()  returns FALSE (0007ms, 2844ms total)
T0C78 122:928 JLINK_IsHalted()  returns FALSE (0028ms, 2865ms total)
T0C78 123:600 JLINK_IsHalted()  returns FALSE (0028ms, 2865ms total)
T0C78 124:270 JLINK_IsHalted()  returns FALSE (0009ms, 2846ms total)
T0C78 124:920 JLINK_IsHalted()  returns FALSE (0011ms, 2848ms total)
T0C78 125:575 JLINK_IsHalted()  returns FALSE (0029ms, 2866ms total)
T0C78 126:245 JLINK_IsHalted()  returns FALSE (0017ms, 2854ms total)
T0C78 126:903 JLINK_IsHalted()  returns FALSE (0015ms, 2852ms total)
T0C78 127:559 JLINK_IsHalted()  returns FALSE (0020ms, 2857ms total)
T0C78 128:220 JLINK_IsHalted()  returns FALSE (0006ms, 2843ms total)
T0C78 128:867 JLINK_IsHalted()  returns FALSE (0015ms, 2852ms total)
T0C78 129:523 JLINK_IsHalted()  returns FALSE (0019ms, 2856ms total)
T0C78 130:183 JLINK_IsHalted()  returns FALSE (0020ms, 2857ms total)
T0C78 130:843 JLINK_IsHalted()  returns FALSE (0018ms, 2855ms total)
T0C78 131:501 JLINK_IsHalted()  returns FALSE (0009ms, 2846ms total)
T0C78 132:154 JLINK_IsHalted()  returns FALSE (0009ms, 2846ms total)
T0C78 132:805 JLINK_IsHalted()  returns FALSE (0022ms, 2859ms total)
T0C78 133:468 JLINK_IsHalted()  returns FALSE (0013ms, 2850ms total)
T0C78 134:121 JLINK_IsHalted()  returns FALSE (0021ms, 2858ms total)
T0C78 134:783 JLINK_IsHalted()  returns FALSE (0010ms, 2847ms total)
T0C78 135:434 JLINK_IsHalted()  returns FALSE (0013ms, 2850ms total)
T0C78 136:090 JLINK_IsHalted()  returns FALSE (0029ms, 2866ms total)
T0C78 136:760 JLINK_IsHalted()  returns FALSE (0012ms, 2849ms total)
T0C78 137:413 JLINK_IsHalted()  returns FALSE (0011ms, 2848ms total)
T0C78 138:069 JLINK_IsHalted()  returns FALSE (0021ms, 2858ms total)
T0C78 138:732 JLINK_IsHalted()  returns FALSE (0038ms, 2875ms total)
T0C78 139:411 JLINK_IsHalted()  returns FALSE (0016ms, 2853ms total)
T0C78 140:068 JLINK_IsHalted()  returns FALSE (0022ms, 2859ms total)
T0C78 140:732 JLINK_IsHalted()  returns FALSE (0013ms, 2850ms total)
T0C78 141:385 JLINK_IsHalted()  returns FALSE (0012ms, 2849ms total)
T0C78 142:038 JLINK_IsHalted()  returns FALSE (0008ms, 2845ms total)
T0C78 142:687 JLINK_IsHalted()  returns FALSE (0014ms, 2851ms total)
T0C78 143:341 JLINK_IsHalted()  returns FALSE (0015ms, 2852ms total)
T0C78 143:997 JLINK_IsHalted()  returns FALSE (0005ms, 2842ms total)
T0C78 144:645 JLINK_IsHalted()  returns FALSE (0022ms, 2859ms total)
T0C78 145:308 JLINK_IsHalted()  returns FALSE (0018ms, 2855ms total)
T0C78 145:966 JLINK_IsHalted()  returns FALSE (0022ms, 2859ms total)
T0C78 146:628 JLINK_IsHalted()  returns FALSE (0026ms, 2863ms total)
T0C78 147:294 JLINK_IsHalted()  returns FALSE (0005ms, 2842ms total)
T0C78 147:940 JLINK_IsHalted()  returns FALSE (0010ms, 2847ms total)
T0C78 148:591 JLINK_IsHalted()  returns FALSE (0018ms, 2855ms total)
T0C78 149:250 JLINK_IsHalted()  returns FALSE (0022ms, 2859ms total)
T0C78 149:917 JLINK_IsHalted()  returns FALSE (0029ms, 2866ms total)
T0C78 150:589 JLINK_IsHalted()  returns FALSE (0026ms, 2863ms total)
T0C78 151:257 JLINK_IsHalted()  returns FALSE (0014ms, 2851ms total)
T0C78 151:913 JLINK_IsHalted()  returns FALSE (0017ms, 2854ms total)
T0C78 152:571 JLINK_IsHalted()  returns FALSE (0013ms, 2850ms total)
T0C78 153:225 JLINK_IsHalted()  returns FALSE (0009ms, 2846ms total)
T0C78 153:875 JLINK_IsHalted()  returns FALSE (0018ms, 2855ms total)
T0C78 154:534 JLINK_IsHalted()  returns FALSE (0005ms, 2842ms total)
T0C78 155:180 JLINK_IsHalted()  returns FALSE (0002ms, 2839ms total)
T0C78 155:824 JLINK_IsHalted()  returns FALSE (0016ms, 2853ms total)
T0C78 156:481 JLINK_IsHalted()  returns FALSE (0007ms, 2844ms total)
T0C78 157:133 JLINK_IsHalted()  returns FALSE (0014ms, 2851ms total)
T0C78 157:788 JLINK_IsHalted()  returns FALSE (0007ms, 2844ms total)
T0C78 158:437 JLINK_IsHalted()  returns FALSE (0005ms, 2842ms total)
T0C78 159:086 JLINK_IsHalted()  returns FALSE (0004ms, 2841ms total)
T0C78 159:731 JLINK_IsHalted()  returns FALSE (0018ms, 2855ms total)
T0C78 160:392 JLINK_IsHalted()  returns FALSE (0029ms, 2866ms total)
T0C78 161:063 JLINK_IsHalted()  returns FALSE (0026ms, 2863ms total)
T0C78 161:731 JLINK_IsHalted()  returns FALSE (0006ms, 2843ms total)
T0C78 162:378 JLINK_IsHalted()  returns FALSE (0014ms, 2851ms total)
T0C78 163:037 JLINK_IsHalted()  returns FALSE (0004ms, 2841ms total)
T0C78 163:682 JLINK_IsHalted()  returns FALSE (0027ms, 2864ms total)
T0C78 164:350 JLINK_IsHalted()  returns FALSE (0009ms, 2846ms total)
T0C78 164:999 JLINK_IsHalted()  returns FALSE (0019ms, 2856ms total)
T0C78 165:659 JLINK_IsHalted()  returns FALSE (0010ms, 2847ms total)
T0C78 166:313 JLINK_IsHalted()  returns FALSE (0031ms, 2868ms total)
T0C78 166:985 JLINK_IsHalted()  returns FALSE (0005ms, 2842ms total)
T0C78 167:631 JLINK_IsHalted()  returns FALSE (0008ms, 2845ms total)
T0C78 168:283 JLINK_IsHalted()  returns FALSE (0008ms, 2845ms total)
T0C78 168:932 JLINK_IsHalted()  returns FALSE (0035ms, 2872ms total)
T0C78 169:608 JLINK_IsHalted()  returns FALSE (0004ms, 2841ms total)
T0C78 170:253 JLINK_IsHalted()  returns FALSE (0014ms, 2851ms total)
T0C78 170:908 JLINK_IsHalted()  returns FALSE (0004ms, 2841ms total)
T0C78 171:552 JLINK_IsHalted()  returns FALSE (0027ms, 2864ms total)
T0C78 172:221 JLINK_IsHalted()  returns FALSE (0011ms, 2848ms total)
T0C78 172:872 JLINK_IsHalted()  returns FALSE (0024ms, 2861ms total)
T0C78 173:538 JLINK_IsHalted()  returns FALSE (0002ms, 2839ms total)
T0C78 174:182 JLINK_IsHalted()  returns FALSE (0018ms, 2855ms total)
T0C78 174:840 JLINK_IsHalted()  returns FALSE (0006ms, 2843ms total)
T0C78 175:487 JLINK_IsHalted()  returns FALSE (0012ms, 2849ms total)
T0C78 176:140 JLINK_IsHalted()  returns FALSE (0017ms, 2854ms total)
T0C78 176:798 JLINK_IsHalted()  returns FALSE (0025ms, 2862ms total)
T0C78 177:463 JLINK_IsHalted()  returns FALSE (0010ms, 2847ms total)
T0C78 178:115 JLINK_IsHalted()  returns FALSE (0010ms, 2847ms total)
T0C78 178:766 JLINK_IsHalted()  returns FALSE (0017ms, 2854ms total)
T0C78 179:427 JLINK_IsHalted()  returns FALSE (0029ms, 2866ms total)
T0C78 180:098 JLINK_IsHalted()  returns FALSE (0004ms, 2841ms total)
T0C78 180:745 JLINK_IsHalted()  returns FALSE (0012ms, 2849ms total)
T0C78 181:399 JLINK_IsHalted()  returns FALSE (0016ms, 2853ms total)
T0C78 182:057 JLINK_IsHalted()  returns FALSE (0017ms, 2854ms total)
T0C78 182:714 JLINK_IsHalted()  returns FALSE (0008ms, 2845ms total)
T0C78 183:364 JLINK_IsHalted()  returns FALSE (0011ms, 2848ms total)
T0C78 184:016 JLINK_IsHalted()  returns FALSE (0021ms, 2858ms total)
T0C78 184:677 JLINK_IsHalted()  returns FALSE (0028ms, 2865ms total)
T0C78 185:346 JLINK_IsHalted()  returns FALSE (0010ms, 2847ms total)
T0C78 185:998 JLINK_IsHalted()  returns FALSE (0043ms, 2880ms total)
T0C78 186:682 JLINK_IsHalted()  returns FALSE (0020ms, 2857ms total)
T0C78 187:342 JLINK_IsHalted()  returns FALSE (0013ms, 2850ms total)
T0C78 187:996 JLINK_IsHalted()  returns FALSE (0007ms, 2844ms total)
T0C78 188:644 JLINK_IsHalted()  returns FALSE (0019ms, 2856ms total)
T0C78 189:304 JLINK_IsHalted()  returns FALSE (0014ms, 2851ms total)
T0C78 189:960 JLINK_IsHalted()  returns FALSE (0026ms, 2863ms total)
T0C78 190:626 JLINK_IsHalted()  returns FALSE (0016ms, 2853ms total)
T0C78 191:283 JLINK_IsHalted()  returns FALSE (0021ms, 2858ms total)
T0C78 191:946 JLINK_IsHalted()  returns FALSE (0017ms, 2854ms total)
T0C78 192:604 JLINK_IsHalted()  returns FALSE (0018ms, 2855ms total)
T0C78 193:264 JLINK_IsHalted()  returns FALSE (0004ms, 2841ms total)
T0C78 193:910 JLINK_IsHalted()  returns FALSE (0025ms, 2862ms total)
T0C78 194:576 JLINK_IsHalted()  returns FALSE (0021ms, 2858ms total)
T0C78 195:239 JLINK_IsHalted()  returns FALSE (0010ms, 2847ms total)
T1094 195:628 JLINK_Halt()  returns 0x00 (0017ms, 2854ms total)
T0C78 195:891 JLINK_IsHalted()  returns TRUE (0007ms, 2861ms total)
T0C78 195:898 JLINK_GetMOEs(...) -- CPU_ReadMem(4 bytes @ 0xE000ED30) -- CPU_WriteMem(4 bytes @ 0xE000ED30)  returns 0x01 (0013ms, 2867ms total)
T0C78 195:911 JLINK_ReadReg(R15 (PC))  returns 0x00080E38 (0000ms, 2867ms total)
T0C78 196:111 JLINK_IsHalted()  returns TRUE (0000ms, 2867ms total)
T0354 196:114 JLINK_ResetPullsRESET(ON) (0000ms, 2867ms total)
T0354 196:114 JLINK_ResetNoHalt() >0x2F8 JTAG>TotalIRLen = 4, IRPrint = 0x01 >0x30 JTAG> >0x210 JTAG> >0x70 JTAG> >0x40 JTAG> >0x40 JTAG> >0x40 JTAG> >0x48 JTAG> >0x78 JTAG> >0x40 JTAG> >0x30 JTAG> >0x40 JTAG> >0x40 JTAG> >0x30 JTAG> >0x40 JTAG> >0x48 JTAG>Found Cortex-M3 r2p0, Little endian. -- CPU_WriteMem(4 bytes @ 0xE0002000) -- CPU_ReadMem(4 bytes @ 0xE000EDF0) -- CPU_ReadMem(4 bytes @ 0xE0002000)FPUnit: 6 code (BP) slots and 2 literal slots -- CPU_ReadMem(4 bytes @ 0xE000EDFC)
 -- CPU_ReadMem(4 bytes @ 0xE0001000) -- CPU_ReadMem(4 bytes @ 0xE00FF010)TPIU fitted. -- CPU_ReadMem(4 bytes @ 0xE00FF014) -- CPU_ReadMem(4 bytes @ 0xE00FF018)
                JLINK_Reset() -- CPU_ReadMem(16 bytes @ 0x20000000) -- CPU_WriteMem(16 bytes @ 0x20000000) -- CPU_ReadMem(4 bytes @ 0xE000EDFC) -- CPU_WriteMem(4 bytes @ 0xE000EDFC) -- CPU_WriteMem(4 bytes @ 0xE000ED0C) -- CPU_ReadMem(4 bytes @ 0xE000EDF0) -- CPU_ReadMem(4 bytes @ 0xE000EDF0) -- CPU_WriteMem(4 bytes @ 0xE000EDFC) -- CPU_WriteMem(16 bytes @ 0x20000000) -- CPU_WriteMem(4 bytes @ 0xE0002000) -- CPU_ReadMem(4 bytes @ 0xE000EDFC) -- CPU_ReadMem(4 bytes @ 0xE0001000) (0067ms, 0067ms total)
                JLINK_Go() -- CPU_WriteMem(4 bytes @ 0xE0002008) -- CPU_WriteMem(4 bytes @ 0xE000200C) -- CPU_WriteMem(4 bytes @ 0xE0002010) -- CPU_WriteMem(4 bytes @ 0xE0002014) -- CPU_WriteMem(4 bytes @ 0xE0002018) -- CPU_WriteMem(4 bytes @ 0xE000201C) -- CPU_WriteMem(4 bytes @ 0xE0001004) (0018ms, 0085ms total)
               (0178ms, 3045ms total)
T0354 196:631 JLINK_Close() -- CPU is running -- CPU_WriteMem(4 bytes @ 0xE0002008) -- CPU is running -- CPU_WriteMem(4 bytes @ 0xE000200C) -- CPU is running -- CPU_WriteMem(4 bytes @ 0xE0002010) -- CPU is running -- CPU_WriteMem(4 bytes @ 0xE0002014) -- CPU is running -- CPU_WriteMem(4 bytes @ 0xE0002018) -- CPU is running -- CPU_WriteMem(4 bytes @ 0xE000201C) >0x78 JTAG> >0x08 JTAG> (0047ms, 3092ms total)
T0354 196:631  (0048ms, 3093ms total)
T0354 196:631 Closed (0048ms, 3093ms total)
